
================================================================================

Compare set name: c1 (hierarchical)

Databases:

  Logical   Database                                                    
  Name      Pathname                                                    Type
  ============================================================================
  g         /class/ece425/mp2/datapath_gold/datapath_gold.trn           Golden
  t         /home/arpanr2/ece425.work/datapath_run1/shm.db/shm.db.trn   Test

Compare command:

  compare . -start 0ns -end 100ns -pos 2ns -neg 2ns -maxerrors 200

Comparison parameters:

  Total error limit:  100
  This error limit:   200
  Depth:              No limit
  Negative tolerance: 2ns
  Positive tolerance: 2ns
  Start time:         0ns
  End time:           100ns

Comparison summary:

  Successful compares:    20/24
  Expression miscompares: 6

================================================================================

Compare set name: c1:cds_globals.gnd_

Comparison parameters:

  Golden expression: g::cds_globals.gnd_
  Test expression:   t::cds_globals.gnd_

Comparison summary:

  No problems found.

================================================================================

Compare set name: c1:cds_globals.vdd_

Comparison parameters:

  Golden expression: g::cds_globals.vdd_
  Test expression:   t::cds_globals.vdd_

Comparison summary:

  No problems found.

================================================================================

Compare set name: c1:test.a[3:0]

Comparison parameters:

  Golden expression: g::test.a[3:0]
  Test expression:   t::test.a[3:0]

Comparison summary:

  No problems found.

================================================================================

Compare set name: c1:test.b[3:0]

Comparison parameters:

  Golden expression: g::test.b[3:0]
  Test expression:   t::test.b[3:0]

Comparison summary:

  No problems found.

================================================================================

Compare set name: c1:test.cin_hi

Comparison parameters:

  Golden expression: g::test.cin_hi
  Test expression:   t::test.cin_hi

Comparison summary:

  No problems found.

================================================================================

Compare set name: c1:test.cout_hi

Comparison parameters:

  Golden expression: g::test.cout_hi
  Test expression:   t::test.cout_hi

Comparison summary:

  Expression miscompares: 2

Miscompare details:

  Error Type   From   To      Golden/Test Values
  ----------------------------------------------
  Miscompare   51ns   60ns    1
                              0
  Miscompare   90ns   100ns   1
                              0

================================================================================

Compare set name: c1:test.cp

Comparison parameters:

  Golden expression: g::test.cp
  Test expression:   t::test.cp

Comparison summary:

  No problems found.

================================================================================

Compare set name: c1:test.d[3:0]

Comparison parameters:

  Golden expression: g::test.d[3:0]
  Test expression:   t::test.d[3:0]

Comparison summary:

  No problems found.

================================================================================

Compare set name: c1:test.f3

Comparison parameters:

  Golden expression: g::test.f3
  Test expression:   t::test.f3

Comparison summary:

  Expression miscompares: 1

Miscompare details:

  Error Type   From   To      Golden/Test Values
  ----------------------------------------------
  Miscompare   98ns   100ns   1
                              0

================================================================================

Compare set name: c1:test.g_lo

Comparison parameters:

  Golden expression: g::test.g_lo
  Test expression:   t::test.g_lo

Comparison summary:

  Expression miscompares: 2

Miscompare details:

  Error Type   From   To      Golden/Test Values
  ----------------------------------------------
  Miscompare   51ns   60ns    0
                              1
  Miscompare   90ns   100ns   0
                              1

================================================================================

Compare set name: c1:test.i[8:0]

Comparison parameters:

  Golden expression: g::test.i[8:0]
  Test expression:   t::test.i[8:0]

Comparison summary:

  No problems found.

================================================================================

Compare set name: c1:test.oe

Comparison parameters:

  Golden expression: g::test.oe
  Test expression:   t::test.oe

Comparison summary:

  No problems found.

================================================================================

Compare set name: c1:test.ovr

Comparison parameters:

  Golden expression: g::test.ovr
  Test expression:   t::test.ovr

Comparison summary:

  No problems found.

================================================================================

Compare set name: c1:test.p_lo

Comparison parameters:

  Golden expression: g::test.p_lo
  Test expression:   t::test.p_lo

Comparison summary:

  No problems found.

================================================================================

Compare set name: c1:test.q0

Comparison parameters:

  Golden expression: g::test.q0
  Test expression:   t::test.q0

Comparison summary:

  No problems found.

================================================================================

Compare set name: c1:test.q0reg

Comparison parameters:

  Golden expression: g::test.q0reg
  Test expression:   t::test.q0reg

Comparison summary:

  No problems found.

================================================================================

Compare set name: c1:test.q3

Comparison parameters:

  Golden expression: g::test.q3
  Test expression:   t::test.q3

Comparison summary:

  No problems found.

================================================================================

Compare set name: c1:test.q3reg

Comparison parameters:

  Golden expression: g::test.q3reg
  Test expression:   t::test.q3reg

Comparison summary:

  No problems found.

================================================================================

Compare set name: c1:test.ram0

Comparison parameters:

  Golden expression: g::test.ram0
  Test expression:   t::test.ram0

Comparison summary:

  No problems found.

================================================================================

Compare set name: c1:test.ram0reg

Comparison parameters:

  Golden expression: g::test.ram0reg
  Test expression:   t::test.ram0reg

Comparison summary:

  No problems found.

================================================================================

Compare set name: c1:test.ram3

Comparison parameters:

  Golden expression: g::test.ram3
  Test expression:   t::test.ram3

Comparison summary:

  No problems found.

================================================================================

Compare set name: c1:test.ram3reg

Comparison parameters:

  Golden expression: g::test.ram3reg
  Test expression:   t::test.ram3reg

Comparison summary:

  No problems found.

================================================================================

Compare set name: c1:test.y[3:0]

Comparison parameters:

  Golden expression: g::test.y[3:0]
  Test expression:   t::test.y[3:0]

Comparison summary:

  Expression miscompares: 1

Miscompare details:

  Error Type   From   To      Golden/Test Values
  ----------------------------------------------
  Miscompare   98ns   100ns   B
                              4

================================================================================

Compare set name: c1:test.z

Comparison parameters:

  Golden expression: g::test.z
  Test expression:   t::test.z

Comparison summary:

  No problems found.

