version {data 2.0}
comment {data {simcompare(64) 21.03-s007 Fri Apr  7 21:02:38 2023}}
database {logicalname g pathname /class/ece425/mp2/datapath_gold/datapath_gold.trn fullpathname {"/class/ece425/mp2/datapath_gold/datapath_gold.dsn"::} originalpathname {} precision -9 displayprecision -9}
database {logicalname t pathname /home/arpanr2/ece425.work/datapath_run1/shm.db/shm.db.trn fullpathname {"/home/arpanr2/ece425.work/datapath_run1/shm.db/shm.db.dsn"::} originalpathname {} precision -9 displayprecision -9}
parameters {precision -9 displayprecision -9 maxerrors 10 totalerrors 100 sequencetime no numerrors 6 gdblogname g tdblogname t}
compare {type compare name c1 hierarchical yes objectypes {signals streams} state completed status {errors found} command {compare . -start 0ns -end 100ns -pos 2ns -neg 2ns -maxerrors 200} goldendbname g testdbname t depth 0 summarycounts {totalcompares 83 totalerrors 6 exprmiscompares 6 comparevariableerrors 4 compsetserrors 4 compsets 24 analysiswithnoerrors 20 completioncode 1} lineno 13 dbs {g t} compstyle df totalerrcount 0 maxerrors 200 totalerrors 100 stime 0ns etime 100ns ptol 2ns ntol 2ns ignoreundefined neither ignoreunknown neither attrcompare 1 relcompare 1 comparebe 0}
cset {name c1:cds_globals.gnd_ compname c1 simplename c1:sc1 compstyle tb objecttype expr gexpr cds_globals.gnd_ texpr cds_globals.gnd_ compcount 1 compstate completed comparestatus success}
cset {name c1:cds_globals.vdd_ compname c1 simplename c1:sc2 compstyle tb objecttype expr gexpr cds_globals.vdd_ texpr cds_globals.vdd_ compcount 1 compstate completed comparestatus success}
cset {name {c1:test.a[3:0]} compname c1 simplename c1:sc3 compstyle tb objecttype expr gexpr {test.a[3:0]} texpr {test.a[3:0]} compcount 6 compstate completed comparestatus success}
cset {name {c1:test.b[3:0]} compname c1 simplename c1:sc4 compstyle tb objecttype expr gexpr {test.b[3:0]} texpr {test.b[3:0]} compcount 6 compstate completed comparestatus success}
cset {name c1:test.cin_hi compname c1 simplename c1:sc5 compstyle tb objecttype expr gexpr test.cin_hi texpr test.cin_hi compcount 1 compstate completed comparestatus success}
cset {name c1:test.cout_hi compname c1 simplename c1:sc6 compstyle tb objecttype expr gexpr test.cout_hi texpr test.cout_hi compcount 7 compstate completed comparestatus failure msg {level error code exprmiscompare args {51 60 1 0 1 0}} msg {level error code exprmiscompare args {90 100 1 0 1 0}}}
cset {name c1:test.cp compname c1 simplename c1:sc7 compstyle tb objecttype expr gexpr test.cp texpr test.cp compcount 1 compstate completed comparestatus success}
cset {name {c1:test.d[3:0]} compname c1 simplename c1:sc8 compstyle tb objecttype expr gexpr {test.d[3:0]} texpr {test.d[3:0]} compcount 3 compstate completed comparestatus success}
cset {name c1:test.f3 compname c1 simplename c1:sc9 compstyle tb objecttype expr gexpr test.f3 texpr test.f3 compcount 11 compstate completed comparestatus failure msg {level error code exprmiscompare args {98 100 1 0 1 0}}}
cset {name c1:test.g_lo compname c1 simplename c1:sc10 compstyle tb objecttype expr gexpr test.g_lo texpr test.g_lo compcount 7 compstate completed comparestatus failure msg {level error code exprmiscompare args {51 60 0 1 0 1}} msg {level error code exprmiscompare args {90 100 0 1 0 1}}}
cset {name {c1:test.i[8:0]} compname c1 simplename c1:sc11 compstyle tb objecttype expr gexpr {test.i[8:0]} texpr {test.i[8:0]} compcount 10 compstate completed comparestatus success}
cset {name c1:test.oe compname c1 simplename c1:sc12 compstyle tb objecttype expr gexpr test.oe texpr test.oe compcount 1 compstate completed comparestatus success}
cset {name c1:test.ovr compname c1 simplename c1:sc13 compstyle tb objecttype expr gexpr test.ovr texpr test.ovr compcount 1 compstate completed comparestatus success}
cset {name c1:test.p_lo compname c1 simplename c1:sc14 compstyle tb objecttype expr gexpr test.p_lo texpr test.p_lo compcount 1 compstate completed comparestatus success}
cset {name c1:test.q0 compname c1 simplename c1:sc15 compstyle tb objecttype expr gexpr test.q0 texpr test.q0 compcount 1 compstate completed comparestatus success}
cset {name c1:test.q0reg compname c1 simplename c1:sc16 compstyle tb objecttype expr gexpr test.q0reg texpr test.q0reg compcount 1 compstate completed comparestatus success}
cset {name c1:test.q3 compname c1 simplename c1:sc17 compstyle tb objecttype expr gexpr test.q3 texpr test.q3 compcount 1 compstate completed comparestatus success}
cset {name c1:test.q3reg compname c1 simplename c1:sc18 compstyle tb objecttype expr gexpr test.q3reg texpr test.q3reg compcount 1 compstate completed comparestatus success}
cset {name c1:test.ram0 compname c1 simplename c1:sc19 compstyle tb objecttype expr gexpr test.ram0 texpr test.ram0 compcount 1 compstate completed comparestatus success}
cset {name c1:test.ram0reg compname c1 simplename c1:sc20 compstyle tb objecttype expr gexpr test.ram0reg texpr test.ram0reg compcount 1 compstate completed comparestatus success}
cset {name c1:test.ram3 compname c1 simplename c1:sc21 compstyle tb objecttype expr gexpr test.ram3 texpr test.ram3 compcount 1 compstate completed comparestatus success}
cset {name c1:test.ram3reg compname c1 simplename c1:sc22 compstyle tb objecttype expr gexpr test.ram3reg texpr test.ram3reg compcount 1 compstate completed comparestatus success}
cset {name {c1:test.y[3:0]} compname c1 simplename c1:sc23 compstyle tb objecttype expr gexpr {test.y[3:0]} texpr {test.y[3:0]} compcount 17 compstate completed comparestatus failure msg {level error code exprmiscompare args {98 100 B 4 1011 0100}}}
cset {name c1:test.z compname c1 simplename c1:sc24 compstyle tb objecttype expr gexpr test.z texpr test.z compcount 1 compstate completed comparestatus success}
