\o Program:		@(#)$CDS: cdsLibEditor version 6.1.8 - CAT37 07/23/2021 16:51 (sjfdcl1033) $
\o Sub version:		sub-version  s203 
\o Arguments:		-cdslib /home/arpanr2/ece425.work/ece425mp0/comptut/cds.lib -mpssession virtuoso34058 -mpshost eceb-2022-24.ews.illinois.edu 
\o Working Directory:	eceb-2022-24.ews.illinois.edu:/home/arpanr2/ece425.work/ece425mp0/comptut
\o 64-bit offsets
\a nrSetWindowVisibility(cdsLibEditor "show")
\o Qt version: 		5.9.1
\a nrSetCurrentWindow(cdsLibEditor)
\a nrListItemAction(cdsLibEditor->mainTable 0 0)
\o Active cell: 0 0 ""
\a nrResizeWindow(cdsLibEditor list(1343 181 500 400))
\a nrSetCurrentWindow(cdsLibEditor)
\a nrResizeWindow(cdsLibEditor list(762 257 500 400))
\a nrListItemRename(cdsLibEditor->mainTable, 0 0 "basic")
\a nrListItemAction(cdsLibEditor->mainTable 0 1)
\o Active cell: 0 1 ""
\a nrListItemRename(cdsLibEditor->mainTable, 0 1 "/")
\a nrSetWindowVisibility(needCreateDialog "show")
\a nrListItemAction(cdsLibEditor->mainTable 1 0)
\o Active cell: 1 0 ""
\a nrSetCurrentWindow(needCreateDialog)
\a nrResizeWindow(needCreateDialog list(829 367 367 180))
\a needCreateDialog->cancelButton->value = t
\a nrListItemRename(cdsLibEditor->mainTable, 1 0 "")
\a nrSetCurrentWindow(cdsLibEditor)
\a nrResizeWindow(needCreateDialog list(829 330 367 180))
\a nrListItemAction(cdsLibEditor->mainTable 0 1)
\o Active cell: 0 1 "/"
\a nrSetCurrentWindow(cdsLibEditor)
\a nrListItemRename(cdsLibEditor->mainTable, 0 1 "/software/cadence-2021-09/IC618/tools.lnx86/dfII/etc/cdslib/basic")
\a nrListItemAction(cdsLibEditor->mainTable 1 0)
\o Active cell: 1 0 ""
\a nrListItemRename(cdsLibEditor->mainTable, 1 0 "US_8ths")
\a nrListItemAction(cdsLibEditor->mainTable 1 1)
\o Active cell: 1 1 ""
\a nrSetCurrentWindow(cdsLibEditor)
\a nrListItemRename(cdsLibEditor->mainTable, 1 1 "/software/cadence-2021-09/IC618/tools.lnx86/dfII/etc/cdslib/sheets/US_8ths")
\a nrListItemAction(cdsLibEditor->mainTable 2 0)
\o Active cell: 2 0 ""
\a nrListItemRename(cdsLibEditor->mainTable, 2 0 "analogLib")
\a nrListItemAction(cdsLibEditor->mainTable 2 1)
\o Active cell: 2 1 ""
\a nrSetCurrentWindow(cdsLibEditor)
\a nrListItemRename(cdsLibEditor->mainTable, 2 1 "/software/cadence-2021-09/IC618/tools.lnx86/dfII/etc/cdslib/artist/analogLib")
\a nrListItemAction(cdsLibEditor->mainTable 3 0)
\o Active cell: 3 0 ""
\a nrSetCurrentWindow(cdsLibEditor)
\a nrListItemAction(cdsLibEditor->mainTable 3 1)
\o Active cell: 3 1 ""
\a nrListItemRename(cdsLibEditor->mainTable, 3 1 "/software/cadence-2021-09/IC618/tools.lnx86/dfII/samples/cdslib/sample")
\a nrListItemAction(cdsLibEditor->mainTable 3 0)
\o Active cell: 3 0 ""
\a nrListItemRename(cdsLibEditor->mainTable, 3 0 "sample")
\a nrListItemAction(cdsLibEditor->mainTable 4 0)
\o Active cell: 4 0 ""
\a nrListItemRename(cdsLibEditor->mainTable, 4 0 "TTL_tutor")
\a nrListItemAction(cdsLibEditor->mainTable 4 1)
\o Active cell: 4 1 ""
\a nrSetCurrentWindow(cdsLibEditor)
\a nrListItemAction(cdsLibEditor->mainTable 3 1)
\o Active cell: 3 1 "/software/cadence-2021-09/IC618/tools.lnx86/dfII/samples/cdslib/sample"
\a nrListItemAction(cdsLibEditor->mainTable 4 1)
\o Active cell: 4 1 ""
\a nrListItemRename(cdsLibEditor->mainTable, 4 1 "/home/arpanr2/ece425.work/ece425mp0/comptut/TTL_tutor")
\a nrListItemAction(cdsLibEditor->mainTable 5 0)
\o Active cell: 5 0 ""
\a nrListItemRename(cdsLibEditor->mainTable, 5 0 "master")
\a nrSetCurrentWindow(cdsLibEditor)
\a nrListItemAction(cdsLibEditor->mainTable 4 1)
\o Active cell: 4 1 "/home/arpanr2/ece425.work/ece425mp0/comptut/TTL_tutor"
\a nrListItemAction(cdsLibEditor->mainTable 5 1)
\o Active cell: 5 1 ""
\a nrListItemRename(cdsLibEditor->mainTable, 5 1 "/home/arpanr2/ece425.work/ece425mp0/comptut/master")
\a nrListItemAction(cdsLibEditor->mainTable 6 0)
\o Active cell: 6 0 ""
\a nrListItemRename(cdsLibEditor->mainTable, 6 0 "tutorial")
\a nrListItemAction(cdsLibEditor->mainTable 6 1)
\o Active cell: 6 1 ""
\a nrSetCurrentWindow(cdsLibEditor)
\a nrListItemRename(cdsLibEditor->mainTable, 6 1 "/home/arpanr2/ece425.work/ece425mp0/comptut/tutorial")
\a nrListItemAction(cdsLibEditor->mainTable 7 0)
\o Active cell: 7 0 ""
\a nrSetCurrentWindow(cdsLibEditor)
\a nrListItemAction(cdsLibEditor->mainTable 7 1)
\o Active cell: 7 1 ""
\a nrListItemRename(cdsLibEditor->mainTable, 7 1 "/home/arpanr2/ece425.work/ece425mp0/comptut/user_ASIC")
\a nrListItemAction(cdsLibEditor->mainTable 7 0)
\o Active cell: 7 0 ""
\a nrListItemRename(cdsLibEditor->mainTable, 7 0 "user_ASIC")
\a nrListItemAction(cdsLibEditor->mainTable 8 1)
\o Active cell: 8 1 ""
\a nrListItemAction(cdsLibEditor->mainTable 8 0)
\o Active cell: 8 0 ""
\a cdsLibEditor->fileSaveAsButton->value = t
\a saveAsGroupDialog->saveAsLibDefsCheckBox->value = nil
\a saveAsGroupDialog->unionUsageRadioB->value = nil
\a nrSetWindowVisibility(saveAsGroupDialog "show")
\a nrSetCurrentWindow(saveAsGroupDialog)
\a nrResizeWindow(saveAsGroupDialog list(749 284 526 345))
\a saveAsGroupDialog->okButton->value = t
\o QUESTION (CLE-140): Caution\n\n"/home/arpanr2/ece425.work/ece425mp0/comptut/cds.lib" already exists. \n\nDo you want to overwrite this file? 
\a nrSetWindowVisibility(genericDialog "show")
\a nrSetCurrentWindow(genericDialog)
\a nrResizeWindow(genericDialog list(786 375 453 164))
\a genericDialog->genericYesButton->value = t
\a nrSetCurrentWindow(saveAsGroupDialog)
\a nrSetCurrentWindow(cdsLibEditor)
\a nrResizeWindow(genericDialog list(786 338 453 164))
\a nrResizeWindow(saveAsGroupDialog list(749 247 526 345))
\a nrSetCurrentWindow(cdsLibEditor)
\a nrResizeWindow(cdsLibEditor list(812 258 500 400))
\a nrSetCurrentWindow(cdsLibEditor)
