\o Program:		@(#)$CDS: libManager version 6.1.8 - CAT37 07/23/2021 16:48 (sjfdcl1033) $
\o Sub version:		sub-version  s203 
\o Arguments:		-mpssession virtuoso347358 -mpshost eceb-2022-04.ews.illinois.edu 
\o Working Directory:	eceb-2022-04.ews.illinois.edu:/home/arpanr2/ece425.work
\o 64-bit offsets
\o Qt version: 		5.9.1
\o Log file is "/home/arpanr2/ece425.work/libManager.log".
\o Opening libManager window.
\a nrSetCurrentWindow(cdsLibManager)
\a nrResizeWindow(cdsLibManager list(0 28 810 545))
\o changeWorkingDir("/home/arpanr2/ece425.work") unnecessary.
\o ddSetForcedLib("") unnecessary.
\o MPS service: map window
\o Library Manager customization server connected.
\a nrResizeWindow(cdsLibManager list(44 28 810 545))
\a nrResizeWindow(cdsLibManager list(0 28 810 545))
\a nrSetCurrentWindow(cdsLibManager)
\a nrSetCurrentWindow(cdsLibManager)
\a nrResizeWindow(cdsLibManager list(25 28 810 545))
\a nrResizeWindow(cdsLibManager list(23 47 810 545))
\a nrResizeWindow(cdsLibManager list(0 28 810 545))
\a nrSetCurrentWindow(cdsLibManager)
\a cdsLibManager->libListBox->value = "ece425mp2"
\a cdsLibManager->libLineEdit->value = "ece425mp2"
\a cdsLibManager->cellListBox->value = "MUX3-1"
\a cdsLibManager->cellLineEdit->value = "MUX3-1"
\a cdsLibManager->cellListBox->value = "MUX2-1"
\a cdsLibManager->cellLineEdit->value = "MUX2-1"
\o MPS request: edit design
\a nrListItemAction(cdsLibManager->cellListBox 0 0)
\a cdsLibManager->libListBox->value = nil
\a cdsLibManager->libLineEdit->value = ""
\a cdsLibManager->cellLineEdit->value = ""
\a cdsLibManager->cellListBox->value = nil
\a cdsLibManager->libListBox->value = "ece425mp2"
\a cdsLibManager->libLineEdit->value = "ece425mp2"
\a cdsLibManager->cellListBox->value = "MUX2-1"
\a cdsLibManager->cellLineEdit->value = "MUX2-1"
\a nrSetCurrentWindow(cdsLibManager)
\a cdsLibManager->libListBox->value = nil
\a cdsLibManager->libLineEdit->value = ""
\a cdsLibManager->cellListBox->value = nil
\a cdsLibManager->cellLineEdit->value = ""
\a cdsLibManager->libListBox->value = "ece425mp2"
\a cdsLibManager->libLineEdit->value = "ece425mp2"
\a cdsLibManager->cellListBox->value = "MUX2-1"
\a cdsLibManager->cellLineEdit->value = "MUX2-1"
\a nrSetCurrentWindow(cdsLibManager)
\a nrSetCurrentWindow(cdsLibManager)
\a cdsLibManager->FileNewCVButton->value = t
\a cdsLibManager->libListBox->value = nil
\a cdsLibManager->libLineEdit->value = ""
\a cdsLibManager->cellLineEdit->value = ""
\a cdsLibManager->cellListBox->value = nil
\a cdsLibManager->libListBox->value = "ece425mp2"
\a cdsLibManager->libLineEdit->value = "ece425mp2"
\a cdsLibManager->cellListBox->value = "MUX2-1"
\a cdsLibManager->cellLineEdit->value = "MUX2-1"
\a cdsLibManager->libListBox->value = nil
\a cdsLibManager->libLineEdit->value = ""
\a cdsLibManager->cellListBox->value = nil
\a cdsLibManager->cellLineEdit->value = ""
\a cdsLibManager->libListBox->value = "ece425mp2"
\a cdsLibManager->libLineEdit->value = "ece425mp2"
\a cdsLibManager->cellListBox->value = "MUX2-1"
\a cdsLibManager->cellLineEdit->value = "MUX2-1"
